Using pre-set license
Built from '2021.3/staging' branch; Version is '2021.3.34f1 (25266724e7bd) revision 2434663'; Using compiler version '192829333'; Build Type 'Release'
OS: 'Windows 10  (10.0.19045) 64bit ProfessionalEducation' Language: 'es' Physical Memory: 32697 MB
BatchMode: 1, IsHumanControllingUs: 0, StartBugReporterOnCrash: 0, Is64bit: 1, IsPro: 1

COMMAND LINE ARGUMENTS:
C:\2021.3.34f1\Editor\Unity.exe
-adb2
-batchMode
-noUpm
-name
AssetImportWorker1
-projectPath
C:/Users/PC/OneDrive/Escritorio/MemoryCardGame
-logFile
Logs/AssetImportWorker1.log
-srvPort
4273
Successfully changed project path to: C:/Users/PC/OneDrive/Escritorio/MemoryCardGame
C:/Users/PC/OneDrive/Escritorio/MemoryCardGame
[UnityMemory] Configuration Parameters - Can be set up in boot.config
    "memorysetup-bucket-allocator-granularity=16"
    "memorysetup-bucket-allocator-bucket-count=8"
    "memorysetup-bucket-allocator-block-size=33554432"
    "memorysetup-bucket-allocator-block-count=8"
    "memorysetup-main-allocator-block-size=16777216"
    "memorysetup-thread-allocator-block-size=16777216"
    "memorysetup-gfx-main-allocator-block-size=16777216"
    "memorysetup-gfx-thread-allocator-block-size=16777216"
    "memorysetup-cache-allocator-block-size=4194304"
    "memorysetup-typetree-allocator-block-size=2097152"
    "memorysetup-profiler-bucket-allocator-granularity=16"
    "memorysetup-profiler-bucket-allocator-bucket-count=8"
    "memorysetup-profiler-bucket-allocator-block-size=33554432"
    "memorysetup-profiler-bucket-allocator-block-count=8"
    "memorysetup-profiler-allocator-block-size=16777216"
    "memorysetup-profiler-editor-allocator-block-size=1048576"
    "memorysetup-temp-allocator-size-main=16777216"
    "memorysetup-job-temp-allocator-block-size=2097152"
    "memorysetup-job-temp-allocator-block-size-background=1048576"
    "memorysetup-job-temp-allocator-reduction-small-platforms=262144"
    "memorysetup-temp-allocator-size-background-worker=32768"
    "memorysetup-temp-allocator-size-job-worker=262144"
    "memorysetup-temp-allocator-size-preload-manager=33554432"
    "memorysetup-temp-allocator-size-nav-mesh-worker=65536"
    "memorysetup-temp-allocator-size-audio-worker=65536"
    "memorysetup-temp-allocator-size-cloud-worker=32768"
    "memorysetup-temp-allocator-size-gi-baking-worker=262144"
    "memorysetup-temp-allocator-size-gfx=262144"
Player connection [23156] Host "[IP] 192.168.1.66 [Port] 0 [Flags] 2 [Guid] 2935867835 [EditorId] 2935867835 [Version] 1048832 [Id] WindowsEditor(7,DESKTOP-D630COU) [Debug] 1 [PackageName] WindowsEditor [ProjectName] Editor" joined multi-casting on [225.0.0.222:54997]...

Player connection [23156] Host "[IP] 192.168.1.66 [Port] 0 [Flags] 2 [Guid] 2935867835 [EditorId] 2935867835 [Version] 1048832 [Id] WindowsEditor(7,DESKTOP-D630COU) [Debug] 1 [PackageName] WindowsEditor [ProjectName] Editor" joined alternative multi-casting on [225.0.0.222:34997]...

[Physics::Module] Initialized MultithreadedJobDispatcher with {0} workers.
Refreshing native plugins compatible for Editor in 42.02 ms, found 2 plugins.
Preloading 0 native plugins for Editor in 0.00 ms.
Initialize engine version: 2021.3.34f1 (25266724e7bd)
[Subsystems] Discovering subsystems at path C:/2021.3.34f1/Editor/Data/Resources/UnitySubsystems
[Subsystems] Discovering subsystems at path C:/Users/PC/OneDrive/Escritorio/MemoryCardGame/Assets
GfxDevice: creating device client; threaded=0; jobified=0
Direct3D:
    Version:  Direct3D 11.0 [level 11.1]
    Renderer: NVIDIA GeForce RTX 2070 (ID=0x1f02)
    Vendor:   NVIDIA
    VRAM:     8019 MB
    Driver:   31.0.15.4633
Initialize mono
Mono path[0] = 'C:/2021.3.34f1/Editor/Data/Managed'
Mono path[1] = 'C:/2021.3.34f1/Editor/Data/MonoBleedingEdge/lib/mono/unityjit-win32'
Mono config path = 'C:/2021.3.34f1/Editor/Data/MonoBleedingEdge/etc'
Using monoOptions --debugger-agent=transport=dt_socket,embedding=1,server=y,suspend=n,address=127.0.0.1:56284
Begin MonoManager ReloadAssembly
Registering precompiled unity dll's ...
Register platform support module: C:/2021.3.34f1/Editor/Data/PlaybackEngines/WindowsStandaloneSupport/UnityEditor.WindowsStandalone.Extensions.dll
Registered in 0.008561 seconds.
Native extension for WindowsStandalone target not found
Refreshing native plugins compatible for Editor in 25.99 ms, found 2 plugins.
Preloading 0 native plugins for Editor in 0.00 ms.
Mono: successfully reloaded assembly
- Completed reload, in  0.899 seconds
Domain Reload Profiling:
	ReloadAssembly (899ms)
		BeginReloadAssembly (188ms)
			ExecutionOrderSort (0ms)
			DisableScriptedObjects (0ms)
			BackupInstance (0ms)
			ReleaseScriptingObjects (0ms)
			CreateAndSetChildDomain (3ms)
		EndReloadAssembly (545ms)
			LoadAssemblies (179ms)
			RebuildTransferFunctionScriptingTraits (0ms)
			SetupTypeCache (157ms)
			ReleaseScriptCaches (0ms)
			RebuildScriptCaches (40ms)
			SetupLoadedEditorAssemblies (287ms)
				LogAssemblyErrors (0ms)
				InitializePlatformSupportModulesInManaged (10ms)
				SetLoadedEditorAssemblies (0ms)
				RefreshPlugins (26ms)
				BeforeProcessingInitializeOnLoad (2ms)
				ProcessInitializeOnLoadAttributes (189ms)
				ProcessInitializeOnLoadMethodAttributes (60ms)
				AfterProcessingInitializeOnLoad (0ms)
				EditorAssembliesLoaded (0ms)
			ExecutionOrderSort2 (0ms)
			AwakeInstancesAfterBackupRestoration (0ms)
Platform modules already initialized, skipping
Registering precompiled user dll's ...
Registered in 0.004838 seconds.
Begin MonoManager ReloadAssembly
Native extension for WindowsStandalone target not found
Refreshing native plugins compatible for Editor in 0.79 ms, found 2 plugins.
Preloading 0 native plugins for Editor in 0.00 ms.
Package Manager log level set to [2]
[Package Manager] Server::EnsureServerProcessIsRunning -- launch failed, reason: Unity was launched with the -noUpm command-line argument
[Package Manager] Cannot connect to Unity Package Manager local server
Mono: successfully reloaded assembly
- Completed reload, in  1.878 seconds
Domain Reload Profiling:
	ReloadAssembly (1880ms)
		BeginReloadAssembly (231ms)
			ExecutionOrderSort (0ms)
			DisableScriptedObjects (9ms)
			BackupInstance (0ms)
			ReleaseScriptingObjects (0ms)
			CreateAndSetChildDomain (44ms)
		EndReloadAssembly (1461ms)
			LoadAssemblies (153ms)
			RebuildTransferFunctionScriptingTraits (0ms)
			SetupTypeCache (245ms)
			ReleaseScriptCaches (1ms)
			RebuildScriptCaches (66ms)
			SetupLoadedEditorAssemblies (990ms)
				LogAssemblyErrors (0ms)
				InitializePlatformSupportModulesInManaged (11ms)
				SetLoadedEditorAssemblies (1ms)
				RefreshPlugins (1ms)
				BeforeProcessingInitializeOnLoad (85ms)
				ProcessInitializeOnLoadAttributes (836ms)
				ProcessInitializeOnLoadMethodAttributes (40ms)
				AfterProcessingInitializeOnLoad (15ms)
				EditorAssembliesLoaded (1ms)
			ExecutionOrderSort2 (0ms)
			AwakeInstancesAfterBackupRestoration (11ms)
Platform modules already initialized, skipping
========================================================================
Worker process is ready to serve import requests
Launched and connected shader compiler UnityShaderCompiler.exe after 0.08 seconds
Refreshing native plugins compatible for Editor in 0.59 ms, found 2 plugins.
Preloading 0 native plugins for Editor in 0.00 ms.
Unloading 1359 Unused Serialized files (Serialized files now loaded: 0)
Unloading 17 unused Assets / (46.5 KB). Loaded Objects now: 1825.
Memory consumption went from 63.1 MB to 63.0 MB.
Total: 3.916800 ms (FindLiveObjects: 0.239700 ms CreateObjectMapping: 0.061300 ms MarkObjects: 3.479900 ms  DeleteObjects: 0.134300 ms)

AssetImportParameters requested are different than current active one (requested -> active):
  custom:video-decoder-ogg-theora: a1e56fd34408186e4bbccfd4996cb3dc -> 
  custom:container-muxer-webm: aa71ff27fc2769a1b78a27578f13a17b -> 
  custom:container-demuxer-webm: 4f35f7cbe854078d1ac9338744f61a02 -> 
  custom:video-encoder-webm-vp8: eb34c28f22e8b96e1ab97ce403110664 -> 
  custom:CustomObjectIndexerAttribute: bc11b3a6c3213fcdd17b65e7da85e133 -> 
  custom:audio-encoder-webm-vorbis: bf7c407c2cedff20999df2af8eb42d56 -> 
  custom:framework-win-MediaFoundation: 216162199b28c13a410421893ffa2e32 -> 
  custom:SearchIndexIgnoredProperties: e643bd26f0fe6173181afceb89e7c659 -> 
  custom:container-demuxer-ogg: 62fdf1f143b41e24485cea50d1cbac27 -> 
  custom:video-decoder-webm-vp8: 9c59270c3fd7afecdb556c50c9e8de78 -> 
  custom:audio-decoder-ogg-vorbis: bf7c407c2cedff20999df2af8eb42d56 -> 
========================================================================
Received Import Request.
  Time since last request: 6380.724496 seconds.
  path: Assets/Japanese 3017.ttf
  artifactKey: Guid(916e80fef11a0cf448fc0655c29418d8) Importer(815301076,1909f56bfc062723c751e8b465ee728b)
Number of updated assets reloaded before import = 0
Start importing Assets/Japanese 3017.ttf using Guid(916e80fef11a0cf448fc0655c29418d8) Importer(815301076,1909f56bfc062723c751e8b465ee728b)  -> (artifact id: '2a54d804e45af0303c398e566c5a3606') in 0.461502 seconds 
Number of asset objects unloaded after import = 4
========================================================================
Received Import Request.
  Time since last request: 0.000068 seconds.
  path: Assets/lennart-butz-idea5anim4.gif
  artifactKey: Guid(cf623a49f4ffd724390b462b8f6fca2e) Importer(815301076,1909f56bfc062723c751e8b465ee728b)
Number of updated assets reloaded before import = 0
Start importing Assets/lennart-butz-idea5anim4.gif using Guid(cf623a49f4ffd724390b462b8f6fca2e) Importer(815301076,1909f56bfc062723c751e8b465ee728b)  -> (artifact id: '05de970b361989f6cf85c1e3dc84b76f') in 0.133572 seconds 
Number of asset objects unloaded after import = 3
========================================================================
Received Import Request.
  Time since last request: 57.414946 seconds.
  path: Assets/CartasJapo/500.png
  artifactKey: Guid(b27bc3b89205fd245b8c9afc4ceeb704) Importer(815301076,1909f56bfc062723c751e8b465ee728b)
Number of updated assets reloaded before import = 0
Start importing Assets/CartasJapo/500.png using Guid(b27bc3b89205fd245b8c9afc4ceeb704) Importer(815301076,1909f56bfc062723c751e8b465ee728b)  -> (artifact id: '50be06d93909d916d5e10e81115da060') in 0.107435 seconds 
Number of asset objects unloaded after import = 3
========================================================================
Received Import Request.
  Time since last request: 0.000026 seconds.
  path: Assets/CartasJapo/Tsuchi.png
  artifactKey: Guid(9cb3c37e08684a0468bd2f80a550afe7) Importer(815301076,1909f56bfc062723c751e8b465ee728b)
Number of updated assets reloaded before import = 0
Start importing Assets/CartasJapo/Tsuchi.png using Guid(9cb3c37e08684a0468bd2f80a550afe7) Importer(815301076,1909f56bfc062723c751e8b465ee728b)  -> (artifact id: 'dc6214f983ea5825965a0a375c1606d5') in 0.085709 seconds 
Number of asset objects unloaded after import = 3
========================================================================
Received Import Request.
  Time since last request: 0.000066 seconds.
  path: Assets/CartasJapo/nI.png
  artifactKey: Guid(eed37973fec52fb44bfc3ab21fa876d7) Importer(815301076,1909f56bfc062723c751e8b465ee728b)
Number of updated assets reloaded before import = 0
Start importing Assets/CartasJapo/nI.png using Guid(eed37973fec52fb44bfc3ab21fa876d7) Importer(815301076,1909f56bfc062723c751e8b465ee728b)  -> (artifact id: 'f19860dd5d630e0dbd7ebdc0a3d4a90b') in 0.089587 seconds 
Number of asset objects unloaded after import = 3
========================================================================
Received Import Request.
  Time since last request: 0.000056 seconds.
  path: Assets/CartasJapo/Inu.png
  artifactKey: Guid(474b2fa5cfbb4ce45afd7b0e19371f4b) Importer(815301076,1909f56bfc062723c751e8b465ee728b)
Number of updated assets reloaded before import = 0
Start importing Assets/CartasJapo/Inu.png using Guid(474b2fa5cfbb4ce45afd7b0e19371f4b) Importer(815301076,1909f56bfc062723c751e8b465ee728b)  -> (artifact id: '47a3cdc21d1eea0534a2c0ea0a56caf3') in 0.084548 seconds 
Number of asset objects unloaded after import = 3
========================================================================
Received Import Request.
  Time since last request: 0.000034 seconds.
  path: Assets/CartasJapo/Jou.png
  artifactKey: Guid(46c6e10501e4c014387f609cbc62cbcb) Importer(815301076,1909f56bfc062723c751e8b465ee728b)
Number of updated assets reloaded before import = 0
Start importing Assets/CartasJapo/Jou.png using Guid(46c6e10501e4c014387f609cbc62cbcb) Importer(815301076,1909f56bfc062723c751e8b465ee728b)  -> (artifact id: '820ff0d44634afdcc007bc4fdf8123f3') in 0.069380 seconds 
Number of asset objects unloaded after import = 3
========================================================================
Received Import Request.
  Time since last request: 0.000028 seconds.
  path: Assets/CartasJapo/Gaku.png
  artifactKey: Guid(57c4f4f248797b74384c8a320566a547) Importer(815301076,1909f56bfc062723c751e8b465ee728b)
Number of updated assets reloaded before import = 0
Start importing Assets/CartasJapo/Gaku.png using Guid(57c4f4f248797b74384c8a320566a547) Importer(815301076,1909f56bfc062723c751e8b465ee728b)  -> (artifact id: '0fc1126b04b5a6dec1dc016d97a6a023') in 0.069790 seconds 
Number of asset objects unloaded after import = 3
========================================================================
Received Import Request.
  Time since last request: 0.000044 seconds.
  path: Assets/CartasJapo/Te.png
  artifactKey: Guid(ada4b91da698c4a4eb018794312d934f) Importer(815301076,1909f56bfc062723c751e8b465ee728b)
Number of updated assets reloaded before import = 0
Start importing Assets/CartasJapo/Te.png using Guid(ada4b91da698c4a4eb018794312d934f) Importer(815301076,1909f56bfc062723c751e8b465ee728b)  -> (artifact id: '21e1864f14293cbce833f72cbd589c58') in 0.072101 seconds 
Number of asset objects unloaded after import = 3
========================================================================
Received Import Request.
  Time since last request: 0.000038 seconds.
  path: Assets/CartasJapo/Me.png
  artifactKey: Guid(ab3e71283c0fae34487222a6a2a5f5ab) Importer(815301076,1909f56bfc062723c751e8b465ee728b)
Number of updated assets reloaded before import = 0
Start importing Assets/CartasJapo/Me.png using Guid(ab3e71283c0fae34487222a6a2a5f5ab) Importer(815301076,1909f56bfc062723c751e8b465ee728b)  -> (artifact id: 'b24fe10ed37f0931cc5172e0d04c984e') in 0.075699 seconds 
Number of asset objects unloaded after import = 3
========================================================================
Received Import Request.
  Time since last request: 0.000023 seconds.
  path: Assets/CartasJapo/Kon.png
  artifactKey: Guid(fef593d388699eb438fa178f0cbc1e43) Importer(815301076,1909f56bfc062723c751e8b465ee728b)
Number of updated assets reloaded before import = 0
Start importing Assets/CartasJapo/Kon.png using Guid(fef593d388699eb438fa178f0cbc1e43) Importer(815301076,1909f56bfc062723c751e8b465ee728b)  -> (artifact id: '367e25c2462f7255fcfee43c5c39de00') in 0.101921 seconds 
Number of asset objects unloaded after import = 3
========================================================================
Received Import Request.
  Time since last request: 0.000055 seconds.
  path: Assets/CartasJapo/Gakkō.png
  artifactKey: Guid(3c847effaf1b81d44963d0847103f33e) Importer(815301076,1909f56bfc062723c751e8b465ee728b)
Number of updated assets reloaded before import = 0
Start importing Assets/CartasJapo/Gakkō.png using Guid(3c847effaf1b81d44963d0847103f33e) Importer(815301076,1909f56bfc062723c751e8b465ee728b)  -> (artifact id: '57de7d07460231dbf22bf3abbf8ee396') in 0.094428 seconds 
Number of asset objects unloaded after import = 3
========================================================================
Received Import Request.
  Time since last request: 0.000058 seconds.
  path: Assets/CartasJapo/Hachi.png
  artifactKey: Guid(73fb8f243095a014bb73ae286e2cdc18) Importer(815301076,1909f56bfc062723c751e8b465ee728b)
Number of updated assets reloaded before import = 0
Start importing Assets/CartasJapo/Hachi.png using Guid(73fb8f243095a014bb73ae286e2cdc18) Importer(815301076,1909f56bfc062723c751e8b465ee728b)  -> (artifact id: 'eceda3f60ebfe30104397d4588b9bb4f') in 0.073102 seconds 
Number of asset objects unloaded after import = 3
========================================================================
Received Import Request.
  Time since last request: 0.000036 seconds.
  path: Assets/CartasJapo/Aida.png
  artifactKey: Guid(107bcb015bfe5da4ea9cf1ae51e16004) Importer(815301076,1909f56bfc062723c751e8b465ee728b)
Number of updated assets reloaded before import = 0
Start importing Assets/CartasJapo/Aida.png using Guid(107bcb015bfe5da4ea9cf1ae51e16004) Importer(815301076,1909f56bfc062723c751e8b465ee728b)  -> (artifact id: '25c1e3eb4fca8d7944a92bab8ab8566e') in 0.067056 seconds 
Number of asset objects unloaded after import = 3
========================================================================
Received Import Request.
  Time since last request: 0.000039 seconds.
  path: Assets/CartasJapo/Saki.png
  artifactKey: Guid(1b6ca5957ef9b5a4e9c653e9a0578497) Importer(815301076,1909f56bfc062723c751e8b465ee728b)
Number of updated assets reloaded before import = 0
Start importing Assets/CartasJapo/Saki.png using Guid(1b6ca5957ef9b5a4e9c653e9a0578497) Importer(815301076,1909f56bfc062723c751e8b465ee728b)  -> (artifact id: '00c49ee8fa7d9c0069dbca6fef39dd86') in 0.074363 seconds 
Number of asset objects unloaded after import = 3
========================================================================
Received Import Request.
  Time since last request: 0.000037 seconds.
  path: Assets/CartasJapo/Juu.png
  artifactKey: Guid(bab600aec76716543b44c69eb087f9f6) Importer(815301076,1909f56bfc062723c751e8b465ee728b)
Number of updated assets reloaded before import = 0
Start importing Assets/CartasJapo/Juu.png using Guid(bab600aec76716543b44c69eb087f9f6) Importer(815301076,1909f56bfc062723c751e8b465ee728b)  -> (artifact id: 'e4f694467606d33b4f1d2719d6c0cb27') in 0.072076 seconds 
Number of asset objects unloaded after import = 3
========================================================================
Received Import Request.
  Time since last request: 0.000042 seconds.
  path: Assets/CartasJapo/Sei.png
  artifactKey: Guid(f40caa036ae53cc4ab357b61fa43d24d) Importer(815301076,1909f56bfc062723c751e8b465ee728b)
Number of updated assets reloaded before import = 0
Start importing Assets/CartasJapo/Sei.png using Guid(f40caa036ae53cc4ab357b61fa43d24d) Importer(815301076,1909f56bfc062723c751e8b465ee728b)  -> (artifact id: '78021dbc4717b36850eeffb76418f3d5') in 0.065144 seconds 
Number of asset objects unloaded after import = 3
========================================================================
Received Import Request.
  Time since last request: 0.000039 seconds.
  path: Assets/CartasJapo/Soto.png
  artifactKey: Guid(a7d2815e749bb6a4681aa212b97c9a20) Importer(815301076,1909f56bfc062723c751e8b465ee728b)
Number of updated assets reloaded before import = 0
Start importing Assets/CartasJapo/Soto.png using Guid(a7d2815e749bb6a4681aa212b97c9a20) Importer(815301076,1909f56bfc062723c751e8b465ee728b)  -> (artifact id: 'f4baf75b6aba0774ec8411776e95a803') in 0.065895 seconds 
Number of asset objects unloaded after import = 3
========================================================================
Received Import Request.
  Time since last request: 0.000048 seconds.
  path: Assets/CartasJapo/Kyu.png
  artifactKey: Guid(1d29f3577365f114cae3feb893e8e5e8) Importer(815301076,1909f56bfc062723c751e8b465ee728b)
Number of updated assets reloaded before import = 0
Start importing Assets/CartasJapo/Kyu.png using Guid(1d29f3577365f114cae3feb893e8e5e8) Importer(815301076,1909f56bfc062723c751e8b465ee728b)  -> (artifact id: '95665f0fad55d325cd0bf04a280dc1af') in 0.077459 seconds 
Number of asset objects unloaded after import = 3
========================================================================
Received Import Request.
  Time since last request: 0.000032 seconds.
  path: Assets/CartasJapo/Han.png
  artifactKey: Guid(1143504282ca283409d6c20ec789a4c3) Importer(815301076,1909f56bfc062723c751e8b465ee728b)
Number of updated assets reloaded before import = 0
Start importing Assets/CartasJapo/Han.png using Guid(1143504282ca283409d6c20ec789a4c3) Importer(815301076,1909f56bfc062723c751e8b465ee728b)  -> (artifact id: 'c3b85915fbca72d352ce6aae8872607c') in 0.073087 seconds 
Number of asset objects unloaded after import = 3
========================================================================
Received Import Request.
  Time since last request: 0.000039 seconds.
  path: Assets/CartasJapo/Nen.png
  artifactKey: Guid(030765cca29ddda48b64308ea43d6f2d) Importer(815301076,1909f56bfc062723c751e8b465ee728b)
Number of updated assets reloaded before import = 0
Start importing Assets/CartasJapo/Nen.png using Guid(030765cca29ddda48b64308ea43d6f2d) Importer(815301076,1909f56bfc062723c751e8b465ee728b)  -> (artifact id: 'a61125f96a90c7834fa2081c9de99bcf') in 0.070573 seconds 
Number of asset objects unloaded after import = 3
========================================================================
Received Import Request.
  Time since last request: 0.000028 seconds.
  path: Assets/CartasJapo/GoUma.png
  artifactKey: Guid(10dd856d5b3e8ce4da7660fe7f8b3f21) Importer(815301076,1909f56bfc062723c751e8b465ee728b)
Number of updated assets reloaded before import = 0
Start importing Assets/CartasJapo/GoUma.png using Guid(10dd856d5b3e8ce4da7660fe7f8b3f21) Importer(815301076,1909f56bfc062723c751e8b465ee728b)  -> (artifact id: 'dbb056a94e345519c12bf2f1fa03f555') in 0.086777 seconds 
Number of asset objects unloaded after import = 3
========================================================================
Received Import Request.
  Time since last request: 0.000061 seconds.
  path: Assets/CartasJapo/10000 Man.png
  artifactKey: Guid(f9d12c5c2702966419b231b02ff13009) Importer(815301076,1909f56bfc062723c751e8b465ee728b)
Number of updated assets reloaded before import = 0
Start importing Assets/CartasJapo/10000 Man.png using Guid(f9d12c5c2702966419b231b02ff13009) Importer(815301076,1909f56bfc062723c751e8b465ee728b)  -> (artifact id: 'eba23094cd6b68db3b52045fddb9f33a') in 0.076141 seconds 
Number of asset objects unloaded after import = 3
========================================================================
Received Import Request.
  Time since last request: 0.000051 seconds.
  path: Assets/CartasJapo/Yon.png
  artifactKey: Guid(f53166f23b7e378438ce67a6efdf8329) Importer(815301076,1909f56bfc062723c751e8b465ee728b)
Number of updated assets reloaded before import = 0
Start importing Assets/CartasJapo/Yon.png using Guid(f53166f23b7e378438ce67a6efdf8329) Importer(815301076,1909f56bfc062723c751e8b465ee728b)  -> (artifact id: 'b7d1a9c6146003238a81d74264320f85') in 0.086593 seconds 
Number of asset objects unloaded after import = 3
========================================================================
Received Import Request.
  Time since last request: 0.000031 seconds.
  path: Assets/CartasJapo/Nana.png
  artifactKey: Guid(c430edf3f8e0d1c4892ba73cf31a6b3e) Importer(815301076,1909f56bfc062723c751e8b465ee728b)
Number of updated assets reloaded before import = 0
Start importing Assets/CartasJapo/Nana.png using Guid(c430edf3f8e0d1c4892ba73cf31a6b3e) Importer(815301076,1909f56bfc062723c751e8b465ee728b)  -> (artifact id: 'd35c60b20cffdcb7b74921bd883be557') in 0.071714 seconds 
Number of asset objects unloaded after import = 3
========================================================================
Received Import Request.
  Time since last request: 0.000036 seconds.
  path: Assets/CartasJapo/Ashi.png
  artifactKey: Guid(be4d71a7d0f94844798dc3974efc0591) Importer(815301076,1909f56bfc062723c751e8b465ee728b)
Number of updated assets reloaded before import = 0
Start importing Assets/CartasJapo/Ashi.png using Guid(be4d71a7d0f94844798dc3974efc0591) Importer(815301076,1909f56bfc062723c751e8b465ee728b)  -> (artifact id: '2f30b8d906617085624043de19571b96') in 0.060971 seconds 
Number of asset objects unloaded after import = 3
========================================================================
Received Import Request.
  Time since last request: 0.000028 seconds.
  path: Assets/CartasJapo/Kuchi.png
  artifactKey: Guid(3fa94126d8ae2e24fb636b49aa7242f9) Importer(815301076,1909f56bfc062723c751e8b465ee728b)
Number of updated assets reloaded before import = 0
Start importing Assets/CartasJapo/Kuchi.png using Guid(3fa94126d8ae2e24fb636b49aa7242f9) Importer(815301076,1909f56bfc062723c751e8b465ee728b)  -> (artifact id: '1b978aa084acb1174f26dc322a6f1f2f') in 0.057584 seconds 
Number of asset objects unloaded after import = 3
========================================================================
Received Import Request.
  Time since last request: 0.000045 seconds.
  path: Assets/CartasJapo/Ichi.png
  artifactKey: Guid(ae09dd9bd8662c54498bec49dcc6bf59) Importer(815301076,1909f56bfc062723c751e8b465ee728b)
Number of updated assets reloaded before import = 0
Start importing Assets/CartasJapo/Ichi.png using Guid(ae09dd9bd8662c54498bec49dcc6bf59) Importer(815301076,1909f56bfc062723c751e8b465ee728b)  -> (artifact id: 'aa0bddcbaca720fff861946229ccd5fb') in 0.065809 seconds 
Number of asset objects unloaded after import = 3
========================================================================
Received Import Request.
  Time since last request: 0.000035 seconds.
  path: Assets/CartasJapo/Ki.png
  artifactKey: Guid(16d5f4634333b2845b23abe3d45df693) Importer(815301076,1909f56bfc062723c751e8b465ee728b)
Number of updated assets reloaded before import = 0
Start importing Assets/CartasJapo/Ki.png using Guid(16d5f4634333b2845b23abe3d45df693) Importer(815301076,1909f56bfc062723c751e8b465ee728b)  -> (artifact id: '74294788bf7a43815ff0590d0d58df43') in 0.060244 seconds 
Number of asset objects unloaded after import = 3
Editor requested this worker to shutdown with reason: Scaling down because of idle timeout
AssetImportWorker is now disconnected from the server
Process exiting
Exiting without the bug reporter. Application will terminate with return code 0